{"C:\\Study\\Pet project\\Rocket Buisness\\src\\js\\drop.js": {"path":"C:\\Study\\Pet project\\Rocket Buisness\\src\\js\\drop.js","statementMap":{"0":{"start":{"line":3,"column":4},"end":{"line":3,"column":97}},"1":{"start":{"line":4,"column":4},"end":{"line":4,"column":91}},"2":{"start":{"line":8,"column":4},"end":{"line":8,"column":95}},"3":{"start":{"line":9,"column":4},"end":{"line":9,"column":92}},"4":{"start":{"line":10,"column":4},"end":{"line":10,"column":83}},"5":{"start":{"line":14,"column":4},"end":{"line":14,"column":110}},"6":{"start":{"line":15,"column":4},"end":{"line":15,"column":79}},"7":{"start":{"line":16,"column":4},"end":{"line":16,"column":76}}},"fnMap":{"0":{"name":"dropList","decl":{"start":{"line":2,"column":16},"end":{"line":2,"column":24}},"loc":{"start":{"line":2,"column":26},"end":{"line":5,"column":1}},"line":2},"1":{"name":"dropForm","decl":{"start":{"line":7,"column":16},"end":{"line":7,"column":24}},"loc":{"start":{"line":7,"column":26},"end":{"line":11,"column":1}},"line":7},"2":{"name":"dropDesktopForm","decl":{"start":{"line":13,"column":16},"end":{"line":13,"column":31}},"loc":{"start":{"line":13,"column":33},"end":{"line":17,"column":1}},"line":13}},"branchMap":{},"s":{"0":1,"1":1,"2":1,"3":1,"4":1,"5":1,"6":1,"7":1},"f":{"0":1,"1":1,"2":1},"b":{},"_coverageSchema":"1a1c01bbd47fc00a2c39e90264f33305004495a9","hash":"4768b4b2bf65af3f8bfd75ad8c88a6aa9f9eb797"}
}
